This is e-pTeX, Version 3.14159265-p3.8.2-190131-2.6 (utf8.euc) (TeX Live 2019) (preloaded format=platex 2022.10.18)  16 FEB 2024 10:46
entering extended mode
 restricted \write18 enabled.
 file:line:error style messages enabled.
 %&-line parsing enabled.
**/home/idukn/1TB/Grep/grad_research/p190011.tex
(/home/idukn/1TB/Grep/grad_research/p190011.tex
pLaTeX2e <2019-04-06> (based on LaTeX2e <2018-12-01>)
(/usr/local/texlive/2019/texmf-dist/tex/platex/base/jreport.cls
Document Class: jreport 2019/04/02 v1.8b Standard pLaTeX class
\c@@paper=\count83
(/usr/local/texlive/2019/texmf-dist/tex/platex/base/jsize11.clo
File: jsize11.clo 2019/04/02 v1.8b Standard pLaTeX file (size option)
)
\c@part=\count84
\c@chapter=\count85
\c@section=\count86
\c@subsection=\count87
\c@subsubsection=\count88
\c@paragraph=\count89
\c@subparagraph=\count90
\c@figure=\count91
\c@table=\count92
\abovecaptionskip=\skip41
\belowcaptionskip=\skip42
\symmincho=\mathgroup4
LaTeX Font Info:    Overwriting symbol font `mincho' in version `bold'
(Font)                  JY1/mc/m/n --> JY1/gt/m/n on input line 703.
\toclineskip=\dimen118
\@lnumwidth=\dimen119
\bibindent=\dimen120
\heisei=\count93
) (/usr/local/texlive/2019/texmf-dist/tex/latex/graphics/graphicx.sty
Package: graphicx 2017/06/01 v1.1a Enhanced LaTeX Graphics (DPC,SPQR)
 (/usr/local/texlive/2019/texmf-dist/tex/latex/graphics/keyval.sty
Package: keyval 2014/10/28 v1.15 key=value parser (DPC)
\KV@toks@=\toks15
) (/usr/local/texlive/2019/texmf-dist/tex/latex/graphics/graphics.sty
Package: graphics 2017/06/25 v1.2c Standard LaTeX Graphics (DPC,SPQR)
 (/usr/local/texlive/2019/texmf-dist/tex/latex/graphics/trig.sty
Package: trig 2016/01/03 v1.10 sin cos tan (DPC)
) (/usr/local/texlive/2019/texmf-dist/tex/latex/graphics-cfg/graphics.cfg
File: graphics.cfg 2016/06/04 v1.11 sample graphics configuration
)
Package graphics Info: Driver file: dvipdfmx.def on input line 99.
 (/usr/local/texlive/2019/texmf-dist/tex/latex/graphics-def/dvipdfmx.def
File: dvipdfmx.def 2017/06/24 v5.0g Graphics/color driver for dvipdfmx
))
\Gin@req@height=\dimen121
\Gin@req@width=\dimen122
) (/usr/local/texlive/2019/texmf-dist/tex/latex/psnfss/times.sty
Package: times 2005/04/12 PSNFSS-v9.2a (SPQR) 
) (/usr/local/texlive/2019/texmf-dist/tex/generic/ulem/ulem.sty
\UL@box=\box43
\UL@hyphenbox=\box44
\UL@skip=\skip43
\UL@hook=\toks16
\UL@height=\dimen123
\UL@pe=\count94
\UL@pixel=\dimen124
\ULC@box=\box45
Package: ulem 2012/05/18
\ULdepth=\dimen125
) (/usr/local/texlive/2019/texmf-dist/tex/latex/amsmath/amsmath.sty
Package: amsmath 2018/12/01 v2.17b AMS math features
\@mathmargin=\skip44

For additional information on amsmath, use the `?' option.
(/usr/local/texlive/2019/texmf-dist/tex/latex/amsmath/amstext.sty
Package: amstext 2000/06/29 v2.01 AMS text
 (/usr/local/texlive/2019/texmf-dist/tex/latex/amsmath/amsgen.sty
File: amsgen.sty 1999/11/30 v2.0 generic functions
\@emptytoks=\toks17
\ex@=\dimen126
)) (/usr/local/texlive/2019/texmf-dist/tex/latex/amsmath/amsbsy.sty
Package: amsbsy 1999/11/29 v1.2d Bold Symbols
\pmbraise@=\dimen127
) (/usr/local/texlive/2019/texmf-dist/tex/latex/amsmath/amsopn.sty
Package: amsopn 2016/03/08 v2.02 operator names
)
\inf@bad=\count95
LaTeX Info: Redefining \frac on input line 223.
\uproot@=\count96
\leftroot@=\count97
LaTeX Info: Redefining \overline on input line 385.
\classnum@=\count98
\DOTSCASE@=\count99
LaTeX Info: Redefining \ldots on input line 482.
LaTeX Info: Redefining \dots on input line 485.
LaTeX Info: Redefining \cdots on input line 606.
\Mathstrutbox@=\box46
\strutbox@=\box47
\big@size=\dimen128
LaTeX Font Info:    Redeclaring font encoding OML on input line 729.
LaTeX Font Info:    Redeclaring font encoding OMS on input line 730.
\macc@depth=\count100
\c@MaxMatrixCols=\count101
\dotsspace@=\muskip10
\c@parentequation=\count102
\dspbrk@lvl=\count103
\tag@help=\toks18
\row@=\count104
\column@=\count105
\maxfields@=\count106
\andhelp@=\toks19
\eqnshift@=\dimen129
\alignsep@=\dimen130
\tagshift@=\dimen131
\tagwidth@=\dimen132
\totwidth@=\dimen133
\lineht@=\dimen134
\@envbody=\toks20
\multlinegap=\skip45
\multlinetaggap=\skip46
\mathdisplay@stack=\toks21
LaTeX Info: Redefining \[ on input line 2844.
LaTeX Info: Redefining \] on input line 2845.
) (/usr/local/texlive/2019/texmf-dist/tex/latex/url/url.sty
\Urlmuskip=\muskip11
Package: url 2013/09/16  ver 3.4  Verb mode for urls, etc.
) (/usr/local/texlive/2019/texmf-dist/tex/latex/cite/cite.sty
LaTeX Info: Redefining \cite on input line 302.
LaTeX Info: Redefining \nocite on input line 332.
Package: cite 2015/02/27  v 5.5
) (/usr/local/texlive/2019/texmf-dist/tex/latex/listings/listings.sty
\lst@mode=\count107
\lst@gtempboxa=\box48
\lst@token=\toks22
\lst@length=\count108
\lst@currlwidth=\dimen135
\lst@column=\count109
\lst@pos=\count110
\lst@lostspace=\dimen136
\lst@width=\dimen137
\lst@newlines=\count111
\lst@lineno=\count112
\lst@maxwidth=\dimen138
 (/usr/local/texlive/2019/texmf-dist/tex/latex/listings/lstmisc.sty
File: lstmisc.sty 2019/02/27 1.8b (Carsten Heinz)
\c@lstnumber=\count113
\lst@skipnumbers=\count114
\lst@framebox=\box49
) (/usr/local/texlive/2019/texmf-dist/tex/latex/listings/listings.cfg
File: listings.cfg 2019/02/27 1.8b listings configuration
))
Package: listings 2019/02/27 1.8b (Carsten Heinz)
 (/usr/local/texlive/2019/texmf-dist/tex/latex/jvlisting/jvlisting.sty
Package: jvlisting 2011/11/17 v0.7 Formatted Program Listings
\jvl@idt=\count115
\jvl@tmphyphenchar=\count116
\jvl@fileinput=\read1
\listingskipamount=\skip47
\listingindent=\dimen139
\prelistingpenalty=\count117
\listingpenalty=\count118
\postlistingpenalty=\count119
) (/home/idukn/1TB/Grep/grad_research/sie-jp-sjis.sty
\vspacetitle=\dimen140
\vspaceabstract=\dimen141
) (/home/idukn/1TB/Grep/grad_research/p190011.aux)
\openout1 = `p190011.aux'.

LaTeX Font Info:    Checking defaults for OML/cmm/m/it on input line 41.
LaTeX Font Info:    ... okay on input line 41.
LaTeX Font Info:    Checking defaults for T1/cmr/m/n on input line 41.
LaTeX Font Info:    ... okay on input line 41.
LaTeX Font Info:    Checking defaults for OT1/cmr/m/n on input line 41.
LaTeX Font Info:    ... okay on input line 41.
LaTeX Font Info:    Checking defaults for OMS/cmsy/m/n on input line 41.
LaTeX Font Info:    ... okay on input line 41.
LaTeX Font Info:    Checking defaults for OMX/cmex/m/n on input line 41.
LaTeX Font Info:    ... okay on input line 41.
LaTeX Font Info:    Checking defaults for U/cmr/m/n on input line 41.
LaTeX Font Info:    ... okay on input line 41.
LaTeX Font Info:    Checking defaults for JY1/mc/m/n on input line 41.
LaTeX Font Info:    ... okay on input line 41.
LaTeX Font Info:    Checking defaults for JT1/mc/m/n on input line 41.
LaTeX Font Info:    ... okay on input line 41.
 (I search kanjifont definition file: . . ) (I search font definition file: . . . . . . . )
LaTeX Font Info:    Try loading font information for OT1+ptm on input line 41.
 (/usr/local/texlive/2019/texmf-dist/tex/latex/psnfss/ot1ptm.fd
File: ot1ptm.fd 2001/06/04 font definitions for OT1/ptm.
)
\c@lstlisting=\count120

Overfull \hbox (10.53625pt too wide) in paragraph at lines 42--42
[][]$[]$[] 
 []


Underfull \vbox (badness 10000) detected at line 42
 []

[1

]
LaTeX Font Info:    Font shape `JT1/mc/bx/n' in size <20.74> not available
(Font)              Font shape `JT1/gt/m/n' tried instead on input line 54.
LaTeX Font Info:    Font shape `JY1/mc/bx/n' in size <20.74> not available
(Font)              Font shape `JY1/gt/m/n' tried instead on input line 54.
LaTeX Font Info:    Font shape `OT1/ptm/bx/n' in size <20.74> not available
(Font)              Font shape `OT1/ptm/b/n' tried instead on input line 54.
 (/home/idukn/1TB/Grep/grad_research/p190011.toc
LaTeX Font Info:    Font shape `JT1/mc/bx/n' in size <10.95> not available
(Font)              Font shape `JT1/gt/m/n' tried instead on input line 1.
LaTeX Font Info:    Font shape `JY1/mc/bx/n' in size <10.95> not available
(Font)              Font shape `JY1/gt/m/n' tried instead on input line 1.
LaTeX Font Info:    Font shape `OT1/ptm/bx/n' in size <10.95> not available
(Font)              Font shape `OT1/ptm/b/n' tried instead on input line 1.
 [2

])
\tf@toc=\write3
\openout3 = `p190011.toc'.

 [3] (/home/idukn/1TB/Grep/grad_research/p190011.lof)
\tf@lof=\write4
\openout4 = `p190011.lof'.

 [4

]
第 1 章
[1

]
第 2 章
LaTeX Font Info:    Font shape `JT1/mc/bx/n' in size <14.4> not available
(Font)              Font shape `JT1/gt/m/n' tried instead on input line 81.
LaTeX Font Info:    Font shape `JY1/mc/bx/n' in size <14.4> not available
(Font)              Font shape `JY1/gt/m/n' tried instead on input line 81.
LaTeX Font Info:    Font shape `OT1/ptm/bx/n' in size <14.4> not available
(Font)              Font shape `OT1/ptm/b/n' tried instead on input line 81.
[2

]
File: energy_guitar.jpg Graphic file (type bmp)
<energy_guitar.jpg>
 [3] [4]
第 3 章
[5

]
File: sys.png Graphic file (type bmp)
<sys.png>


LaTeX Warning: Reference `GEMS' on page 6 undefined on input line 176.

[6]
第 4 章
LaTeX Font Info:    Font shape `JT1/mc/bx/n' in size <12> not available
(Font)              Font shape `JT1/gt/m/n' tried instead on input line 206.
LaTeX Font Info:    Font shape `JY1/mc/bx/n' in size <12> not available
(Font)              Font shape `JY1/gt/m/n' tried instead on input line 206.
LaTeX Font Info:    Font shape `OT1/ptm/bx/n' in size <12> not available
(Font)              Font shape `OT1/ptm/b/n' tried instead on input line 206.
LaTeX Font Info:    Try loading font information for OMS+ptm on input line 209.
(/usr/local/texlive/2019/texmf-dist/tex/latex/psnfss/omsptm.fd
File: omsptm.fd 
)
LaTeX Font Info:    Font shape `OMS/ptm/m/n' in size <10.95> not available
(Font)              Font shape `OMS/cmsy/m/n' tried instead on input line 209.
 [7

] [8] [9]
File: graph.png Graphic file (type bmp)
<graph.png>
 [10] [11]
第 5 章
[12

]
File: UI.png Graphic file (type bmp)
<UI.png>
 [13] [14] [15]
第 6 章
[16

] [17]
第 7 章
[18

] [19

]
Overfull \hbox (249.66553pt too wide) in paragraph at lines 520--521
[][][][][][][][][][][][][][][][][][][][][][][][][][][][][][][][][][][] 
 []

[20

]
Overfull \hbox (111.69441pt too wide) in paragraph at lines 537--538
[][][][][][][][][][][][][][][][][][][][][][][][][] 
 []


Overfull \hbox (111.69441pt too wide) in paragraph at lines 542--543
[][][][][][][][][][][][][][][][][][][][][][][] 
 []


Overfull \hbox (321.93611pt too wide) in paragraph at lines 546--547
[][][][][][][][][][][][][][][][][][][][][][][][][][][][][][][][][] 
 []


Overfull \hbox (111.69441pt too wide) in paragraph at lines 557--558
[][][][][][][][][][][][][][][][][][][][][][][] 
 []


Overfull \hbox (321.93611pt too wide) in paragraph at lines 561--562
[][][][][][][][][][][][][][][][][][][][][][][][][][][][][][][][][] 
 []

[21]
Overfull \hbox (315.36606pt too wide) in paragraph at lines 575--576
[][][][][][][][][][][][][][][][][][][][][][][][][][][] 
 []


Overfull \hbox (243.09547pt too wide) in paragraph at lines 576--578
[][][][][][][][][][][][][][][][][][][][][][][][] 
 []


Overfull \hbox (315.36606pt too wide) in paragraph at lines 590--591
[][][][][][][][][][][][][][][][][][][][][][][][][][][] 
 []


Overfull \hbox (374.49654pt too wide) in paragraph at lines 602--603
[][][][][][][][][][][][][][][][][][][][][][][][][][][][] 
 []

[22]
Overfull \hbox (13.14362pt too wide) in paragraph at lines 612--613
[][][][][][][][][][][][][][][][][][] 
 []


Overfull \hbox (275.94574pt too wide) in paragraph at lines 617--618
[][][][][][][][][][][][][][][][][][][][][][] 
 []


Overfull \hbox (341.64627pt too wide) in paragraph at lines 622--624
[][][][][][][][][][][][][][][][][][][][][][][][][][] 
 []


Overfull \hbox (256.23558pt too wide) in paragraph at lines 626--627
[][][][][][][][][][][][][][][][][][][] 
 []


Overfull \hbox (19.71367pt too wide) in paragraph at lines 632--633
[][][][][][][][][][][][][][][][][][] 
 []


Overfull \hbox (348.21632pt too wide) in paragraph at lines 646--648
[][][][][][][][][][][][][][][][][][][][][][][][][][][][][][][] 
 []


Overfull \hbox (249.66553pt too wide) in paragraph at lines 648--649
[][][][][][][][][][][][][][][][][][][][][][][][][][][][][][][][][][] 
 []

[23]
Overfull \hbox (249.66553pt too wide) in paragraph at lines 649--650
[][][][][][][][][][][][][][][][][][][][][][][][][][][][][][][][][][] 
 []


Overfull \hbox (170.82489pt too wide) in paragraph at lines 659--660
[][][][][][][][][][][][][][][][][][][][][][][][][][][][][][][][][][][][][][] 
 []


Overfull \hbox (85.4142pt too wide) in paragraph at lines 668--669
[][][][][][][][][][][][][][][][][][][][][][][][][][][][][][][] 
 []


Overfull \hbox (144.54468pt too wide) in paragraph at lines 673--674
[][][][][][][][][][][][][][][][][][][][][][][][][][][][][] 
 []


Overfull \hbox (91.98425pt too wide) in paragraph at lines 674--675
[][][][][][][][][][][][][][][][][][][][][][][][][][][][][] 
 []


Overfull \hbox (236.52542pt too wide) in paragraph at lines 675--676
[][][][][][][][][][][][][][][][][][][][][][][][][][][][] 
 []


Overfull \hbox (164.25484pt too wide) in paragraph at lines 676--677
[][][][][][][][][][][][][][][][][][][][][][][][][][][] 
 []


Overfull \hbox (52.56393pt too wide) in paragraph at lines 678--679
[][][][][][][][][][][][][][][][][][][][][][] 
 []


Overfull \hbox (243.09547pt too wide) in paragraph at lines 681--683
[][][][][][][][][][][][][][][][][][][][][][][][][][][][][][][][][][][][][][][][][] 
 []

[24]
Overfull \hbox (111.69441pt too wide) in paragraph at lines 687--688
[][][][][][][][][][][][][][][][][][][][][][][][][][][][][] 
 []


Overfull \hbox (59.13399pt too wide) in paragraph at lines 688--689
[][][][][][][][][][][][][][][][][][][][][][][][][][][][][] 
 []


Overfull \hbox (210.24521pt too wide) in paragraph at lines 689--690
[][][][][][][][][][][][][][][][][][][][][][][][][][][][] 
 []


Overfull \hbox (164.25484pt too wide) in paragraph at lines 692--693
[][][][][][][][][][][][][][][][][][][][][][][][][][][] 
 []


Overfull \hbox (39.42383pt too wide) in paragraph at lines 694--695
[][][][][][][][][][][][][][][][][][][][][][] 
 []


Overfull \hbox (78.84415pt too wide) in paragraph at lines 697--698
[][][][][][][][][][][][][][][][][][][] 
 []


Overfull \hbox (236.52542pt too wide) in paragraph at lines 698--699
[][][][][][][][][][][][][][][][][][][][][][][][][][][][][][][][][][][][][][][][] 
 []


Overfull \hbox (170.82489pt too wide) in paragraph at lines 705--706
[][][][][][][][][][][][][][][][][][][][][][][][][][] 
 []


Overfull \hbox (243.09547pt too wide) in paragraph at lines 706--707
[][][][][][][][][][][][][][][][][][][][][][][][][] 
 []


Overfull \hbox (13.14362pt too wide) in paragraph at lines 707--711
[][][][][][][][][][][][][][][][][][] 
 []


Overfull \hbox (249.66553pt too wide) in paragraph at lines 721--723
[][][][][][][][][][][][][][][][][][][][][][][][][][][][][][][][][][] 
 []

[25]
Overfull \hbox (170.82489pt too wide) in paragraph at lines 732--733
[][][][][][][][][][][][][][][][][][][][][][][][][][][][][][][][][][][][][][] 
 []


Overfull \hbox (144.54468pt too wide) in paragraph at lines 738--739
[][][][][][][][][][][][][][][][][][][][][][][][][][][][][] 
 []


Overfull \hbox (91.98425pt too wide) in paragraph at lines 739--740
[][][][][][][][][][][][][][][][][][][][][][][][][][][][][] 
 []


Overfull \hbox (236.52542pt too wide) in paragraph at lines 740--741
[][][][][][][][][][][][][][][][][][][][][][][][][][][][] 
 []


Overfull \hbox (164.25484pt too wide) in paragraph at lines 741--742
[][][][][][][][][][][][][][][][][][][][][][][][][][][] 
 []


Overfull \hbox (52.56393pt too wide) in paragraph at lines 743--744
[][][][][][][][][][][][][][][][][][][][][][] 
 []


Overfull \hbox (236.52542pt too wide) in paragraph at lines 746--748
[][][][][][][][][][][][][][][][][][][][][][][][][][][][][][][][][][][][][][][][][][] 
 []


Overfull \hbox (164.25484pt too wide) in paragraph at lines 753--754
[][][][][][][][][][][][][][][][][][][][][][][][][][] 
 []


Overfull \hbox (229.95537pt too wide) in paragraph at lines 754--755
[][][][][][][][][][][][][][][][][][][][][][][][][] 
 []


Overfull \hbox (13.14362pt too wide) in paragraph at lines 755--756
[][][][][][][][][][][][][][][][][][] 
 []

[26] (I search kanjifont definition file: . . ) (I search font definition file: . . . . . . . )
LaTeX Font Info:    Try loading font information for OT1+pcr on input line 770.
 (/usr/local/texlive/2019/texmf-dist/tex/latex/psnfss/ot1pcr.fd
File: ot1pcr.fd 2001/06/04 font definitions for OT1/pcr.
) [27

] (/home/idukn/1TB/Grep/grad_research/p190011.aux)

LaTeX Warning: There were undefined references.

 ) 
Here is how much of TeX's memory you used:
 3397 strings out of 493230
 43340 string characters out of 6144485
 141353 words of memory out of 5000000
 7343 multiletter control sequences out of 15000+600000
 19646 words of font info for 70 fonts, out of 8000000 for 9000
 929 hyphenation exceptions out of 8191
 27i,10n,32p,689b,1597s stack positions out of 5000i,500n,10000p,200000b,80000s

Output written on /home/idukn/1TB/Grep/grad_research/p190011.dvi (31 pages, 109964 bytes).
